\BOOKMARK [0][-]{chapter.1}{\376\377\000T\000e\000r\000m\000s\000\040\000a\000n\000d\000\040\000C\000o\000n\000d\000i\000t\000i\000o\000n\000s}{}% 1
\BOOKMARK [1][-]{section.1.1}{\376\377\000-\000G\000e\000n\000e\000r\000a\000l\000\040\000T\000e\000r\000m\000s}{chapter.1}% 2
\BOOKMARK [1][-]{section.1.2}{\376\377\000-\000L\000i\000c\000e\000n\000s\000e}{chapter.1}% 3
\BOOKMARK [1][-]{section.1.3}{\376\377\000-\000D\000e\000f\000i\000n\000i\000t\000i\000o\000n\000s\000\040\000a\000n\000d\000\040\000k\000e\000y\000\040\000t\000e\000r\000m\000s}{chapter.1}% 4
\BOOKMARK [1][-]{section.1.4}{\376\377\000-\000R\000e\000s\000t\000r\000i\000c\000t\000i\000o\000n\000s}{chapter.1}% 5
\BOOKMARK [1][-]{section.1.5}{\376\377\000-\000P\000a\000y\000m\000e\000n\000t}{chapter.1}% 6
\BOOKMARK [1][-]{section.1.6}{\376\377\000-\000R\000e\000t\000u\000r\000n\000\040\000a\000n\000d\000\040\000R\000e\000f\000u\000n\000d\000\040\000P\000o\000l\000i\000c\000y}{chapter.1}% 7
\BOOKMARK [1][-]{section.1.7}{\376\377\000-\000Y\000o\000u\000r\000\040\000S\000u\000g\000g\000e\000s\000t\000i\000o\000n\000s}{chapter.1}% 8
\BOOKMARK [1][-]{section.1.8}{\376\377\000-\000Y\000o\000u\000r\000\040\000C\000o\000n\000s\000e\000n\000t}{chapter.1}% 9
\BOOKMARK [1][-]{section.1.9}{\376\377\000-\000C\000o\000o\000k\000i\000e\000s}{chapter.1}% 10
\BOOKMARK [1][-]{section.1.10}{\376\377\000-\000C\000h\000a\000n\000g\000e\000s\000\040\000T\000o\000\040\000O\000u\000r\000\040\000T\000e\000r\000m\000s\000\040\000a\000n\000d\000\040\000C\000o\000n\000n\000d\000i\000t\000i\000o\000n\000s}{chapter.1}% 11
\BOOKMARK [1][-]{section.1.11}{\376\377\000-\000M\000o\000d\000i\000f\000i\000c\000a\000t\000i\000o\000n\000s\000\040\000t\000o\000\040\000O\000u\000r\000\040\000s\000e\000r\000v\000i\000c\000e}{chapter.1}% 12
\BOOKMARK [1][-]{section.1.12}{\376\377\000-\000T\000h\000i\000r\000d\000-\000P\000a\000r\000t\000y\000\040\000S\000e\000r\000v\000i\000c\000e\000s}{chapter.1}% 13
\BOOKMARK [1][-]{section.1.13}{\376\377\000-\000T\000e\000r\000m\000\040\000a\000n\000d\000\040\000T\000e\000r\000m\000i\000n\000a\000t\000i\000o\000n}{chapter.1}% 14
\BOOKMARK [1][-]{section.1.14}{\376\377\000-\000T\000e\000r\000m\000\040\000a\000n\000d\000\040\000T\000e\000r\000m\000i\000n\000a\000t\000i\000o\000n}{chapter.1}% 15
\BOOKMARK [1][-]{section.1.15}{\376\377\000-\000I\000n\000d\000e\000m\000n\000i\000f\000i\000c\000a\000t\000i\000o\000n}{chapter.1}% 16
\BOOKMARK [1][-]{section.1.16}{\376\377\000-\000N\000o\000\040\000W\000a\000r\000r\000a\000n\000t\000i\000e\000s}{chapter.1}% 17
\BOOKMARK [1][-]{section.1.17}{\376\377\000-\000L\000i\000m\000i\000t\000a\000t\000i\000o\000n\000\040\000o\000f\000\040\000L\000i\000a\000b\000i\000l\000i\000t\000y}{chapter.1}% 18
\BOOKMARK [1][-]{section.1.18}{\376\377\000-\000S\000e\000v\000e\000r\000a\000b\000i\000l\000i\000t\000y}{chapter.1}% 19
\BOOKMARK [1][-]{section.1.19}{\376\377\000-\000W\000a\000i\000v\000e\000r}{chapter.1}% 20
\BOOKMARK [1][-]{section.1.20}{\376\377\000-\000A\000m\000e\000n\000d\000m\000e\000n\000t\000s\000\040\000t\000o\000\040\000t\000h\000i\000s\000\040\000A\000g\000r\000e\000e\000m\000e\000n\000t}{chapter.1}% 21
\BOOKMARK [1][-]{section.1.21}{\376\377\000-\000E\000n\000t\000i\000r\000e\000\040\000A\000g\000r\000e\000e\000m\000e\000n\000t}{chapter.1}% 22
\BOOKMARK [1][-]{section.1.22}{\376\377\000-\000U\000p\000d\000a\000t\000e\000s\000\040\000t\000o\000\040\000O\000u\000r\000\040\000T\000e\000r\000m\000s}{chapter.1}% 23
\BOOKMARK [1][-]{section.1.23}{\376\377\000-\000I\000n\000t\000e\000l\000l\000e\000c\000t\000u\000a\000l\000\040\000P\000r\000o\000p\000e\000r\000t\000y}{chapter.1}% 24
\BOOKMARK [1][-]{section.1.24}{\376\377\000-\000A\000g\000r\000e\000e\000m\000e\000n\000t\000\040\000t\000o\000\040\000A\000r\000b\000i\000t\000r\000a\000t\000e}{chapter.1}% 25
\BOOKMARK [1][-]{section.1.25}{\376\377\000-\000N\000o\000t\000i\000c\000e\000\040\000o\000f\000\040\000D\000i\000s\000p\000u\000t\000e}{chapter.1}% 26
\BOOKMARK [1][-]{section.1.26}{\376\377\000-\000B\000i\000n\000d\000i\000n\000g\000\040\000A\000r\000b\000i\000t\000r\000a\000t\000i\000o\000n}{chapter.1}% 27
\BOOKMARK [1][-]{section.1.27}{\376\377\000-\000S\000u\000b\000m\000i\000s\000s\000i\000o\000n\000s\000\040\000a\000n\000d\000\040\000P\000r\000i\000v\000a\000c\000y}{chapter.1}% 28
\BOOKMARK [1][-]{section.1.28}{\376\377\000-\000P\000r\000o\000m\000o\000t\000i\000o\000n\000s}{chapter.1}% 29
\BOOKMARK [1][-]{section.1.29}{\376\377\000-\000T\000y\000p\000o\000g\000r\000a\000p\000h\000i\000c\000a\000l\000\040\000E\000r\000r\000o\000r\000s}{chapter.1}% 30
\BOOKMARK [1][-]{section.1.30}{\376\377\000-\000M\000i\000s\000c\000e\000l\000l\000a\000n\000e\000o\000u\000s}{chapter.1}% 31
\BOOKMARK [1][-]{section.1.31}{\376\377\000-\000D\000i\000s\000c\000l\000a\000i\000m\000e\000r}{chapter.1}% 32
\BOOKMARK [1][-]{section.1.32}{\376\377\000-\000C\000o\000n\000t\000a\000c\000t\000\040\000U\000s}{chapter.1}% 33
\BOOKMARK [0][-]{chapter.2}{\376\377\000P\000r\000i\000v\000a\000c\000y\000\040\000P\000o\000l\000i\000c\000y}{}% 34
\BOOKMARK [1][-]{section.2.1}{\376\377\000-\000G\000e\000n\000e\000r\000a\000l\000\040\000T\000e\000r\000m\000s}{chapter.2}% 35
\BOOKMARK [1][-]{section.2.2}{\376\377\000-\000L\000i\000c\000e\000n\000s\000e}{chapter.2}% 36
\BOOKMARK [1][-]{section.2.3}{\376\377\000-\000D\000e\000f\000i\000n\000i\000t\000i\000o\000n\000s\000\040\000a\000n\000d\000\040\000k\000e\000y\000\040\000t\000e\000r\000m\000s}{chapter.2}% 37
\BOOKMARK [1][-]{section.2.4}{\376\377\000-\000R\000e\000s\000t\000r\000i\000c\000t\000i\000o\000n\000s}{chapter.2}% 38
\BOOKMARK [1][-]{section.2.5}{\376\377\000-\000P\000a\000y\000m\000e\000n\000t}{chapter.2}% 39
\BOOKMARK [1][-]{section.2.6}{\376\377\000-\000R\000e\000t\000u\000r\000n\000\040\000a\000n\000d\000\040\000R\000e\000f\000u\000n\000d\000\040\000P\000o\000l\000i\000c\000y}{chapter.2}% 40
\BOOKMARK [1][-]{section.2.7}{\376\377\000-\000Y\000o\000u\000r\000\040\000S\000u\000g\000g\000e\000s\000t\000i\000o\000n\000s}{chapter.2}% 41
\BOOKMARK [1][-]{section.2.8}{\376\377\000-\000Y\000o\000u\000r\000\040\000C\000o\000n\000s\000e\000n\000t}{chapter.2}% 42
\BOOKMARK [1][-]{section.2.9}{\376\377\000-\000C\000o\000o\000k\000i\000e\000s}{chapter.2}% 43
\BOOKMARK [1][-]{section.2.10}{\376\377\000-\000C\000h\000a\000n\000g\000e\000s\000\040\000T\000o\000\040\000O\000u\000r\000\040\000T\000e\000r\000m\000s\000\040\000a\000n\000d\000\040\000C\000o\000n\000n\000d\000i\000t\000i\000o\000n\000s}{chapter.2}% 44
\BOOKMARK [1][-]{section.2.11}{\376\377\000-\000M\000o\000d\000i\000f\000i\000c\000a\000t\000i\000o\000n\000s\000\040\000t\000o\000\040\000O\000u\000r\000\040\000s\000e\000r\000v\000i\000c\000e}{chapter.2}% 45
\BOOKMARK [1][-]{section.2.12}{\376\377\000-\000T\000h\000i\000r\000d\000-\000P\000a\000r\000t\000y\000\040\000S\000e\000r\000v\000i\000c\000e\000s}{chapter.2}% 46
\BOOKMARK [1][-]{section.2.13}{\376\377\000-\000T\000e\000r\000m\000\040\000a\000n\000d\000\040\000T\000e\000r\000m\000i\000n\000a\000t\000i\000o\000n}{chapter.2}% 47
\BOOKMARK [1][-]{section.2.14}{\376\377\000-\000T\000e\000r\000m\000\040\000a\000n\000d\000\040\000T\000e\000r\000m\000i\000n\000a\000t\000i\000o\000n}{chapter.2}% 48
\BOOKMARK [1][-]{section.2.15}{\376\377\000-\000I\000n\000d\000e\000m\000n\000i\000f\000i\000c\000a\000t\000i\000o\000n}{chapter.2}% 49
\BOOKMARK [1][-]{section.2.16}{\376\377\000-\000N\000o\000\040\000W\000a\000r\000r\000a\000n\000t\000i\000e\000s}{chapter.2}% 50
\BOOKMARK [1][-]{section.2.17}{\376\377\000-\000L\000i\000m\000i\000t\000a\000t\000i\000o\000n\000\040\000o\000f\000\040\000L\000i\000a\000b\000i\000l\000i\000t\000y}{chapter.2}% 51
\BOOKMARK [1][-]{section.2.18}{\376\377\000-\000S\000e\000v\000e\000r\000a\000b\000i\000l\000i\000t\000y}{chapter.2}% 52
\BOOKMARK [1][-]{section.2.19}{\376\377\000-\000W\000a\000i\000v\000e\000r}{chapter.2}% 53
\BOOKMARK [1][-]{section.2.20}{\376\377\000-\000A\000m\000e\000n\000d\000m\000e\000n\000t\000s\000\040\000t\000o\000\040\000t\000h\000i\000s\000\040\000A\000g\000r\000e\000e\000m\000e\000n\000t}{chapter.2}% 54
\BOOKMARK [1][-]{section.2.21}{\376\377\000-\000E\000n\000t\000i\000r\000e\000\040\000A\000g\000r\000e\000e\000m\000e\000n\000t}{chapter.2}% 55
\BOOKMARK [1][-]{section.2.22}{\376\377\000-\000U\000p\000d\000a\000t\000e\000s\000\040\000t\000o\000\040\000O\000u\000r\000\040\000T\000e\000r\000m\000s}{chapter.2}% 56
\BOOKMARK [1][-]{section.2.23}{\376\377\000-\000I\000n\000t\000e\000l\000l\000e\000c\000t\000u\000a\000l\000\040\000P\000r\000o\000p\000e\000r\000t\000y}{chapter.2}% 57
\BOOKMARK [1][-]{section.2.24}{\376\377\000-\000A\000g\000r\000e\000e\000m\000e\000n\000t\000\040\000t\000o\000\040\000A\000r\000b\000i\000t\000r\000a\000t\000e}{chapter.2}% 58
\BOOKMARK [1][-]{section.2.25}{\376\377\000-\000N\000o\000t\000i\000c\000e\000\040\000o\000f\000\040\000D\000i\000s\000p\000u\000t\000e}{chapter.2}% 59
\BOOKMARK [1][-]{section.2.26}{\376\377\000-\000B\000i\000n\000d\000i\000n\000g\000\040\000A\000r\000b\000i\000t\000r\000a\000t\000i\000o\000n}{chapter.2}% 60
\BOOKMARK [1][-]{section.2.27}{\376\377\000-\000S\000u\000b\000m\000i\000s\000s\000i\000o\000n\000s\000\040\000a\000n\000d\000\040\000P\000r\000i\000v\000a\000c\000y}{chapter.2}% 61
\BOOKMARK [1][-]{section.2.28}{\376\377\000-\000P\000r\000o\000m\000o\000t\000i\000o\000n\000s}{chapter.2}% 62
\BOOKMARK [1][-]{section.2.29}{\376\377\000-\000T\000y\000p\000o\000g\000r\000a\000p\000h\000i\000c\000a\000l\000\040\000E\000r\000r\000o\000r\000s}{chapter.2}% 63
\BOOKMARK [1][-]{section.2.30}{\376\377\000-\000M\000i\000s\000c\000e\000l\000l\000a\000n\000e\000o\000u\000s}{chapter.2}% 64
\BOOKMARK [1][-]{section.2.31}{\376\377\000-\000D\000i\000s\000c\000l\000a\000i\000m\000e\000r}{chapter.2}% 65
\BOOKMARK [1][-]{section.2.32}{\376\377\000-\000C\000o\000n\000t\000a\000c\000t\000\040\000U\000s}{chapter.2}% 66
