\BOOKMARK [0][-]{chapter.1}{\376\377\000-\000G\000e\000n\000e\000r\000a\000l\000\040\000T\000e\000r\000m\000s}{}% 1
\BOOKMARK [0][-]{chapter.2}{\376\377\000-\000L\000i\000c\000e\000n\000s\000e}{}% 2
\BOOKMARK [0][-]{chapter.3}{\376\377\000-\000D\000e\000f\000i\000n\000i\000t\000i\000o\000n\000s\000\040\000a\000n\000d\000\040\000k\000e\000y\000\040\000t\000e\000r\000m\000s}{}% 3
\BOOKMARK [0][-]{chapter.4}{\376\377\000-\000R\000e\000s\000t\000r\000i\000c\000t\000i\000o\000n\000s}{}% 4
\BOOKMARK [0][-]{chapter.5}{\376\377\000-\000P\000a\000y\000m\000e\000n\000t}{}% 5
\BOOKMARK [0][-]{chapter.6}{\376\377\000-\000R\000e\000t\000u\000r\000n\000\040\000a\000n\000d\000\040\000R\000e\000f\000u\000n\000d\000\040\000P\000o\000l\000i\000c\000y}{}% 6
\BOOKMARK [0][-]{chapter.7}{\376\377\000-\000Y\000o\000u\000r\000\040\000S\000u\000g\000g\000e\000s\000t\000i\000o\000n\000s}{}% 7
\BOOKMARK [0][-]{chapter.8}{\376\377\000-\000Y\000o\000u\000r\000\040\000C\000o\000n\000s\000e\000n\000t}{}% 8
\BOOKMARK [0][-]{chapter.9}{\376\377\000-\000C\000o\000o\000k\000i\000e\000s}{}% 9
\BOOKMARK [0][-]{chapter.10}{\376\377\000-\000C\000h\000a\000n\000g\000e\000s\000\040\000T\000o\000\040\000O\000u\000r\000\040\000T\000e\000r\000m\000s\000\040\000a\000n\000d\000\040\000C\000o\000n\000n\000d\000i\000t\000i\000o\000n\000s}{}% 10
\BOOKMARK [0][-]{chapter.11}{\376\377\000-\000M\000o\000d\000i\000f\000i\000c\000a\000t\000i\000o\000n\000s\000\040\000t\000o\000\040\000O\000u\000r\000\040\000s\000e\000r\000v\000i\000c\000e}{}% 11
\BOOKMARK [0][-]{chapter.12}{\376\377\000-\000T\000h\000i\000r\000d\000-\000P\000a\000r\000t\000y\000\040\000S\000e\000r\000v\000i\000c\000e\000s}{}% 12
\BOOKMARK [0][-]{chapter.13}{\376\377\000-\000T\000e\000r\000m\000\040\000a\000n\000d\000\040\000T\000e\000r\000m\000i\000n\000a\000t\000i\000o\000n}{}% 13
\BOOKMARK [0][-]{chapter.14}{\376\377\000-\000T\000e\000r\000m\000\040\000a\000n\000d\000\040\000T\000e\000r\000m\000i\000n\000a\000t\000i\000o\000n}{}% 14
\BOOKMARK [0][-]{chapter.15}{\376\377\000-\000I\000n\000d\000e\000m\000n\000i\000f\000i\000c\000a\000t\000i\000o\000n}{}% 15
\BOOKMARK [0][-]{chapter.16}{\376\377\000-\000N\000o\000\040\000W\000a\000r\000r\000a\000n\000t\000i\000e\000s}{}% 16
\BOOKMARK [0][-]{chapter.17}{\376\377\000-\000L\000i\000m\000i\000t\000a\000t\000i\000o\000n\000\040\000o\000f\000\040\000L\000i\000a\000b\000i\000l\000i\000t\000y}{}% 17
\BOOKMARK [0][-]{chapter.18}{\376\377\000-\000S\000e\000v\000e\000r\000a\000b\000i\000l\000i\000t\000y}{}% 18
\BOOKMARK [0][-]{chapter.19}{\376\377\000-\000W\000a\000i\000v\000e\000r}{}% 19
\BOOKMARK [0][-]{chapter.20}{\376\377\000-\000A\000m\000e\000n\000d\000m\000e\000n\000t\000s\000\040\000t\000o\000\040\000t\000h\000i\000s\000\040\000A\000g\000r\000e\000e\000m\000e\000n\000t}{}% 20
\BOOKMARK [0][-]{chapter.21}{\376\377\000-\000E\000n\000t\000i\000r\000e\000\040\000A\000g\000r\000e\000e\000m\000e\000n\000t}{}% 21
\BOOKMARK [0][-]{chapter.22}{\376\377\000-\000U\000p\000d\000a\000t\000e\000s\000\040\000t\000o\000\040\000O\000u\000r\000\040\000T\000e\000r\000m\000s}{}% 22
\BOOKMARK [0][-]{chapter.23}{\376\377\000-\000I\000n\000t\000e\000l\000l\000e\000c\000t\000u\000a\000l\000\040\000P\000r\000o\000p\000e\000r\000t\000y}{}% 23
\BOOKMARK [0][-]{chapter.24}{\376\377\000-\000A\000g\000r\000e\000e\000m\000e\000n\000t\000\040\000t\000o\000\040\000A\000r\000b\000i\000t\000r\000a\000t\000e}{}% 24
\BOOKMARK [0][-]{chapter.25}{\376\377\000-\000N\000o\000t\000i\000c\000e\000\040\000o\000f\000\040\000D\000i\000s\000p\000u\000t\000e}{}% 25
\BOOKMARK [0][-]{chapter.26}{\376\377\000-\000B\000i\000n\000d\000i\000n\000g\000\040\000A\000r\000b\000i\000t\000r\000a\000t\000i\000o\000n}{}% 26
\BOOKMARK [0][-]{chapter.27}{\376\377\000-\000S\000u\000b\000m\000i\000s\000s\000i\000o\000n\000s\000\040\000a\000n\000d\000\040\000P\000r\000i\000v\000a\000c\000y}{}% 27
\BOOKMARK [0][-]{chapter.28}{\376\377\000-\000P\000r\000o\000m\000o\000t\000i\000o\000n\000s}{}% 28
\BOOKMARK [0][-]{chapter.29}{\376\377\000-\000T\000y\000p\000o\000g\000r\000a\000p\000h\000i\000c\000a\000l\000\040\000E\000r\000r\000o\000r\000s}{}% 29
\BOOKMARK [0][-]{chapter.30}{\376\377\000-\000M\000i\000s\000c\000e\000l\000l\000a\000n\000e\000o\000u\000s}{}% 30
\BOOKMARK [0][-]{chapter.31}{\376\377\000-\000D\000i\000s\000c\000l\000a\000i\000m\000e\000r}{}% 31
\BOOKMARK [0][-]{chapter.32}{\376\377\000-\000C\000o\000n\000t\000a\000c\000t\000\040\000U\000s}{}% 32
